INFO - 2023-12-07 03:20:54 --> Session: Class initialized using 'CodeIgniter\Session\Handlers\FileHandler' driver.
INFO - 2023-12-07 03:30:52 --> Session: Class initialized using 'CodeIgniter\Session\Handlers\FileHandler' driver.
INFO - 2023-12-07 03:40:23 --> Session: Class initialized using 'CodeIgniter\Session\Handlers\FileHandler' driver.
CRITICAL - 2023-12-07 03:40:23 --> syntax error, unexpected '}', expecting ';'
in APPPATH\Controllers\SigninController.php on line 12.
 1 SYSTEMPATH\Autoloader\Autoloader.php(291): CodeIgniter\Autoloader\Autoloader->includeFile('D:\\xampp\\htdocs\\wdpf55_codeigniter\\sample_project_template\\app\\Controllers\\SigninController.php')
 2 SYSTEMPATH\Autoloader\Autoloader.php(269): CodeIgniter\Autoloader\Autoloader->loadInNamespace('App\\Controllers\\SigninController')
 3 [internal function]: CodeIgniter\Autoloader\Autoloader->loadClass('App\\Controllers\\SigninController')
 4 [internal function]: spl_autoload_call('App\\Controllers\\SigninController')
 5 SYSTEMPATH\CodeIgniter.php(900): class_exists('\\App\\Controllers\\SigninController', true)
 6 SYSTEMPATH\CodeIgniter.php(489): CodeIgniter\CodeIgniter->startController()
 7 SYSTEMPATH\CodeIgniter.php(361): CodeIgniter\CodeIgniter->handleRequest(null, Object(Config\Cache), false)
 8 FCPATH\index.php(79): CodeIgniter\CodeIgniter->run()
 9 SYSTEMPATH\Commands\Server\rewrite.php(47): require_once('D:\\xampp\\htdocs\\wdpf55_codeigniter\\sample_project_template\\public\\index.php')
INFO - 2023-12-07 03:40:44 --> Session: Class initialized using 'CodeIgniter\Session\Handlers\FileHandler' driver.
INFO - 2023-12-07 03:41:49 --> Session: Class initialized using 'CodeIgniter\Session\Handlers\FileHandler' driver.
CRITICAL - 2023-12-07 03:41:50 --> syntax error, unexpected '}', expecting ';'
in APPPATH\Controllers\SigninController.php on line 12.
 1 SYSTEMPATH\Autoloader\Autoloader.php(291): CodeIgniter\Autoloader\Autoloader->includeFile('D:\\xampp\\htdocs\\wdpf55_codeigniter\\sample_project_template\\app\\Controllers\\SigninController.php')
 2 SYSTEMPATH\Autoloader\Autoloader.php(269): CodeIgniter\Autoloader\Autoloader->loadInNamespace('App\\Controllers\\SigninController')
 3 [internal function]: CodeIgniter\Autoloader\Autoloader->loadClass('App\\Controllers\\SigninController')
 4 [internal function]: spl_autoload_call('App\\Controllers\\SigninController')
 5 SYSTEMPATH\CodeIgniter.php(900): class_exists('\\App\\Controllers\\SigninController', true)
 6 SYSTEMPATH\CodeIgniter.php(489): CodeIgniter\CodeIgniter->startController()
 7 SYSTEMPATH\CodeIgniter.php(361): CodeIgniter\CodeIgniter->handleRequest(null, Object(Config\Cache), false)
 8 FCPATH\index.php(79): CodeIgniter\CodeIgniter->run()
 9 SYSTEMPATH\Commands\Server\rewrite.php(47): require_once('D:\\xampp\\htdocs\\wdpf55_codeigniter\\sample_project_template\\public\\index.php')
INFO - 2023-12-07 03:43:08 --> Session: Class initialized using 'CodeIgniter\Session\Handlers\FileHandler' driver.
CRITICAL - 2023-12-07 03:43:08 --> syntax error, unexpected '}', expecting ';'
in APPPATH\Controllers\SigninController.php on line 12.
 1 SYSTEMPATH\Autoloader\Autoloader.php(291): CodeIgniter\Autoloader\Autoloader->includeFile('D:\\xampp\\htdocs\\wdpf55_codeigniter\\sample_project_template\\app\\Controllers\\SigninController.php')
 2 SYSTEMPATH\Autoloader\Autoloader.php(269): CodeIgniter\Autoloader\Autoloader->loadInNamespace('App\\Controllers\\SigninController')
 3 [internal function]: CodeIgniter\Autoloader\Autoloader->loadClass('App\\Controllers\\SigninController')
 4 [internal function]: spl_autoload_call('App\\Controllers\\SigninController')
 5 SYSTEMPATH\CodeIgniter.php(900): class_exists('\\App\\Controllers\\SigninController', true)
 6 SYSTEMPATH\CodeIgniter.php(489): CodeIgniter\CodeIgniter->startController()
 7 SYSTEMPATH\CodeIgniter.php(361): CodeIgniter\CodeIgniter->handleRequest(null, Object(Config\Cache), false)
 8 FCPATH\index.php(79): CodeIgniter\CodeIgniter->run()
 9 SYSTEMPATH\Commands\Server\rewrite.php(47): require_once('D:\\xampp\\htdocs\\wdpf55_codeigniter\\sample_project_template\\public\\index.php')
INFO - 2023-12-07 03:44:05 --> Session: Class initialized using 'CodeIgniter\Session\Handlers\FileHandler' driver.
INFO - 2023-12-07 03:45:56 --> Session: Class initialized using 'CodeIgniter\Session\Handlers\FileHandler' driver.
INFO - 2023-12-07 03:49:32 --> Session: Class initialized using 'CodeIgniter\Session\Handlers\FileHandler' driver.
INFO - 2023-12-07 04:21:43 --> Session: Class initialized using 'CodeIgniter\Session\Handlers\FileHandler' driver.
INFO - 2023-12-07 04:22:32 --> Session: Class initialized using 'CodeIgniter\Session\Handlers\FileHandler' driver.
INFO - 2023-12-07 04:42:59 --> Session: Class initialized using 'CodeIgniter\Session\Handlers\FileHandler' driver.
INFO - 2023-12-07 04:43:10 --> Session: Class initialized using 'CodeIgniter\Session\Handlers\FileHandler' driver.
INFO - 2023-12-07 04:43:32 --> Session: Class initialized using 'CodeIgniter\Session\Handlers\FileHandler' driver.
CRITICAL - 2023-12-07 05:08:45 --> Undefined variable: session
in APPPATH\Views\signin.php on line 45.
 1 APPPATH\Views\signin.php(45): CodeIgniter\Debug\Exceptions->errorHandler(8, 'Undefined variable: session', 'D:\\xampp\\htdocs\\wdpf55_codeigniter\\sample_project_template\\app\\Views\\signin.php', 45, [])
 2 SYSTEMPATH\View\View.php(228): include('D:\\xampp\\htdocs\\wdpf55_codeigniter\\sample_project_template\\app\\Views\\signin.php')
 3 SYSTEMPATH\View\View.php(231): CodeIgniter\View\View->CodeIgniter\View\{closure}()
 4 SYSTEMPATH\Common.php(1190): CodeIgniter\View\View->render('signin', [], true)
 5 APPPATH\Controllers\SigninController.php(14): view('signin')
 6 SYSTEMPATH\CodeIgniter.php(942): App\Controllers\SigninController->index()
 7 SYSTEMPATH\CodeIgniter.php(502): CodeIgniter\CodeIgniter->runController(Object(App\Controllers\SigninController))
 8 SYSTEMPATH\CodeIgniter.php(361): CodeIgniter\CodeIgniter->handleRequest(null, Object(Config\Cache), false)
 9 FCPATH\index.php(79): CodeIgniter\CodeIgniter->run()
10 SYSTEMPATH\Commands\Server\rewrite.php(47): require_once('D:\\xampp\\htdocs\\wdpf55_codeigniter\\sample_project_template\\public\\index.php')
CRITICAL - 2023-12-07 05:08:47 --> Undefined variable: session
in APPPATH\Views\signin.php on line 45.
 1 APPPATH\Views\signin.php(45): CodeIgniter\Debug\Exceptions->errorHandler(8, 'Undefined variable: session', 'D:\\xampp\\htdocs\\wdpf55_codeigniter\\sample_project_template\\app\\Views\\signin.php', 45, [])
 2 SYSTEMPATH\View\View.php(228): include('D:\\xampp\\htdocs\\wdpf55_codeigniter\\sample_project_template\\app\\Views\\signin.php')
 3 SYSTEMPATH\View\View.php(231): CodeIgniter\View\View->CodeIgniter\View\{closure}()
 4 SYSTEMPATH\Common.php(1190): CodeIgniter\View\View->render('signin', [], true)
 5 APPPATH\Controllers\SigninController.php(14): view('signin')
 6 SYSTEMPATH\CodeIgniter.php(942): App\Controllers\SigninController->index()
 7 SYSTEMPATH\CodeIgniter.php(502): CodeIgniter\CodeIgniter->runController(Object(App\Controllers\SigninController))
 8 SYSTEMPATH\CodeIgniter.php(361): CodeIgniter\CodeIgniter->handleRequest(null, Object(Config\Cache), false)
 9 FCPATH\index.php(79): CodeIgniter\CodeIgniter->run()
10 SYSTEMPATH\Commands\Server\rewrite.php(47): require_once('D:\\xampp\\htdocs\\wdpf55_codeigniter\\sample_project_template\\public\\index.php')
CRITICAL - 2023-12-07 05:08:57 --> Undefined variable: session
in APPPATH\Views\signin.php on line 45.
 1 APPPATH\Views\signin.php(45): CodeIgniter\Debug\Exceptions->errorHandler(8, 'Undefined variable: session', 'D:\\xampp\\htdocs\\wdpf55_codeigniter\\sample_project_template\\app\\Views\\signin.php', 45, [])
 2 SYSTEMPATH\View\View.php(228): include('D:\\xampp\\htdocs\\wdpf55_codeigniter\\sample_project_template\\app\\Views\\signin.php')
 3 SYSTEMPATH\View\View.php(231): CodeIgniter\View\View->CodeIgniter\View\{closure}()
 4 SYSTEMPATH\Common.php(1190): CodeIgniter\View\View->render('signin', [], true)
 5 APPPATH\Controllers\SigninController.php(14): view('signin')
 6 SYSTEMPATH\CodeIgniter.php(942): App\Controllers\SigninController->index()
 7 SYSTEMPATH\CodeIgniter.php(502): CodeIgniter\CodeIgniter->runController(Object(App\Controllers\SigninController))
 8 SYSTEMPATH\CodeIgniter.php(361): CodeIgniter\CodeIgniter->handleRequest(null, Object(Config\Cache), false)
 9 FCPATH\index.php(79): CodeIgniter\CodeIgniter->run()
10 SYSTEMPATH\Commands\Server\rewrite.php(47): require_once('D:\\xampp\\htdocs\\wdpf55_codeigniter\\sample_project_template\\public\\index.php')
CRITICAL - 2023-12-07 05:27:17 --> Undefined variable: session
in APPPATH\Views\signin.php on line 45.
 1 APPPATH\Views\signin.php(45): CodeIgniter\Debug\Exceptions->errorHandler(8, 'Undefined variable: session', 'D:\\xampp\\htdocs\\wdpf55_codeigniter\\sample_project_template\\app\\Views\\signin.php', 45, [])
 2 SYSTEMPATH\View\View.php(228): include('D:\\xampp\\htdocs\\wdpf55_codeigniter\\sample_project_template\\app\\Views\\signin.php')
 3 SYSTEMPATH\View\View.php(231): CodeIgniter\View\View->CodeIgniter\View\{closure}()
 4 SYSTEMPATH\Common.php(1190): CodeIgniter\View\View->render('signin', [], true)
 5 APPPATH\Controllers\SigninController.php(14): view('signin')
 6 SYSTEMPATH\CodeIgniter.php(942): App\Controllers\SigninController->index()
 7 SYSTEMPATH\CodeIgniter.php(502): CodeIgniter\CodeIgniter->runController(Object(App\Controllers\SigninController))
 8 SYSTEMPATH\CodeIgniter.php(361): CodeIgniter\CodeIgniter->handleRequest(null, Object(Config\Cache), false)
 9 FCPATH\index.php(79): CodeIgniter\CodeIgniter->run()
10 SYSTEMPATH\Commands\Server\rewrite.php(47): require_once('D:\\xampp\\htdocs\\wdpf55_codeigniter\\sample_project_template\\public\\index.php')
CRITICAL - 2023-12-07 05:27:18 --> Undefined variable: session
in APPPATH\Views\signin.php on line 45.
 1 APPPATH\Views\signin.php(45): CodeIgniter\Debug\Exceptions->errorHandler(8, 'Undefined variable: session', 'D:\\xampp\\htdocs\\wdpf55_codeigniter\\sample_project_template\\app\\Views\\signin.php', 45, [])
 2 SYSTEMPATH\View\View.php(228): include('D:\\xampp\\htdocs\\wdpf55_codeigniter\\sample_project_template\\app\\Views\\signin.php')
 3 SYSTEMPATH\View\View.php(231): CodeIgniter\View\View->CodeIgniter\View\{closure}()
 4 SYSTEMPATH\Common.php(1190): CodeIgniter\View\View->render('signin', [], true)
 5 APPPATH\Controllers\SigninController.php(14): view('signin')
 6 SYSTEMPATH\CodeIgniter.php(942): App\Controllers\SigninController->index()
 7 SYSTEMPATH\CodeIgniter.php(502): CodeIgniter\CodeIgniter->runController(Object(App\Controllers\SigninController))
 8 SYSTEMPATH\CodeIgniter.php(361): CodeIgniter\CodeIgniter->handleRequest(null, Object(Config\Cache), false)
 9 FCPATH\index.php(79): CodeIgniter\CodeIgniter->run()
10 SYSTEMPATH\Commands\Server\rewrite.php(47): require_once('D:\\xampp\\htdocs\\wdpf55_codeigniter\\sample_project_template\\public\\index.php')
CRITICAL - 2023-12-07 05:31:31 --> Undefined variable: session
in APPPATH\Views\signin.php on line 45.
 1 APPPATH\Views\signin.php(45): CodeIgniter\Debug\Exceptions->errorHandler(8, 'Undefined variable: session', 'D:\\xampp\\htdocs\\wdpf55_codeigniter\\sample_project_template\\app\\Views\\signin.php', 45, [])
 2 SYSTEMPATH\View\View.php(228): include('D:\\xampp\\htdocs\\wdpf55_codeigniter\\sample_project_template\\app\\Views\\signin.php')
 3 SYSTEMPATH\View\View.php(231): CodeIgniter\View\View->CodeIgniter\View\{closure}()
 4 SYSTEMPATH\Common.php(1190): CodeIgniter\View\View->render('signin', [], true)
 5 APPPATH\Controllers\SigninController.php(14): view('signin')
 6 SYSTEMPATH\CodeIgniter.php(942): App\Controllers\SigninController->index()
 7 SYSTEMPATH\CodeIgniter.php(502): CodeIgniter\CodeIgniter->runController(Object(App\Controllers\SigninController))
 8 SYSTEMPATH\CodeIgniter.php(361): CodeIgniter\CodeIgniter->handleRequest(null, Object(Config\Cache), false)
 9 FCPATH\index.php(79): CodeIgniter\CodeIgniter->run()
10 SYSTEMPATH\Commands\Server\rewrite.php(47): require_once('D:\\xampp\\htdocs\\wdpf55_codeigniter\\sample_project_template\\public\\index.php')
INFO - 2023-12-07 05:32:33 --> Session: Class initialized using 'CodeIgniter\Session\Handlers\FileHandler' driver.
CRITICAL - 2023-12-07 05:32:33 --> Undefined variable: session
in APPPATH\Views\signin.php on line 45.
 1 APPPATH\Views\signin.php(45): CodeIgniter\Debug\Exceptions->errorHandler(8, 'Undefined variable: session', 'D:\\xampp\\htdocs\\wdpf55_codeigniter\\sample_project_template\\app\\Views\\signin.php', 45, [])
 2 SYSTEMPATH\View\View.php(228): include('D:\\xampp\\htdocs\\wdpf55_codeigniter\\sample_project_template\\app\\Views\\signin.php')
 3 SYSTEMPATH\View\View.php(231): CodeIgniter\View\View->CodeIgniter\View\{closure}()
 4 SYSTEMPATH\Common.php(1190): CodeIgniter\View\View->render('signin', [], true)
 5 APPPATH\Controllers\SigninController.php(14): view('signin')
 6 SYSTEMPATH\CodeIgniter.php(942): App\Controllers\SigninController->index()
 7 SYSTEMPATH\CodeIgniter.php(502): CodeIgniter\CodeIgniter->runController(Object(App\Controllers\SigninController))
 8 SYSTEMPATH\CodeIgniter.php(361): CodeIgniter\CodeIgniter->handleRequest(null, Object(Config\Cache), false)
 9 FCPATH\index.php(79): CodeIgniter\CodeIgniter->run()
10 SYSTEMPATH\Commands\Server\rewrite.php(47): require_once('D:\\xampp\\htdocs\\wdpf55_codeigniter\\sample_project_template\\public\\index.php')
INFO - 2023-12-07 05:36:02 --> Session: Class initialized using 'CodeIgniter\Session\Handlers\FileHandler' driver.
INFO - 2023-12-07 05:38:28 --> Session: Class initialized using 'CodeIgniter\Session\Handlers\FileHandler' driver.
INFO - 2023-12-07 05:38:38 --> Session: Class initialized using 'CodeIgniter\Session\Handlers\FileHandler' driver.
INFO - 2023-12-07 07:11:31 --> Session: Class initialized using 'CodeIgniter\Session\Handlers\FileHandler' driver.
INFO - 2023-12-07 07:11:31 --> Session: Class initialized using 'CodeIgniter\Session\Handlers\FileHandler' driver.
INFO - 2023-12-07 07:11:35 --> Session: Class initialized using 'CodeIgniter\Session\Handlers\FileHandler' driver.
INFO - 2023-12-07 07:11:49 --> Session: Class initialized using 'CodeIgniter\Session\Handlers\FileHandler' driver.
INFO - 2023-12-07 07:11:49 --> Session: Class initialized using 'CodeIgniter\Session\Handlers\FileHandler' driver.
INFO - 2023-12-07 07:11:49 --> Session: Class initialized using 'CodeIgniter\Session\Handlers\FileHandler' driver.
INFO - 2023-12-07 09:16:56 --> Session: Class initialized using 'CodeIgniter\Session\Handlers\FileHandler' driver.
INFO - 2023-12-07 09:16:56 --> Session: Class initialized using 'CodeIgniter\Session\Handlers\FileHandler' driver.
INFO - 2023-12-07 09:17:21 --> Session: Class initialized using 'CodeIgniter\Session\Handlers\FileHandler' driver.
ERROR - 2023-12-07 09:17:25 --> Error connecting to the database: mysqli_sql_exception: No connection could be made because the target machine actively refused it.
 in D:\xampp\htdocs\wdpf55_codeigniter\sample_project_dashboard\system\Database\MySQLi\Connection.php:185
Stack trace:
#0 D:\xampp\htdocs\wdpf55_codeigniter\sample_project_dashboard\system\Database\MySQLi\Connection.php(185): mysqli->real_connect('localhost', 'root', '', 'wdpf55_codeigni...', 3306, '', 0)
#1 D:\xampp\htdocs\wdpf55_codeigniter\sample_project_dashboard\system\Database\BaseConnection.php(392): CodeIgniter\Database\MySQLi\Connection->connect(false)
#2 D:\xampp\htdocs\wdpf55_codeigniter\sample_project_dashboard\system\Database\BaseConnection.php(575): CodeIgniter\Database\BaseConnection->initialize()
#3 D:\xampp\htdocs\wdpf55_codeigniter\sample_project_dashboard\system\Database\BaseBuilder.php(1615): CodeIgniter\Database\BaseConnection->query('SELECT *\nFROM `...', Array, false)
#4 D:\xampp\htdocs\wdpf55_codeigniter\sample_project_dashboard\system\Model.php(264): CodeIgniter\Database\BaseBuilder->get()
#5 D:\xampp\htdocs\wdpf55_codeigniter\sample_project_dashboard\system\BaseModel.php(662): CodeIgniter\Model->doFirst()
#6 D:\xampp\htdocs\wdpf55_codeigniter\sample_project_dashboard\app\Controllers\SigninController.php(29): CodeIgniter\BaseModel->first()
#7 D:\xampp\htdocs\wdpf55_codeigniter\sample_project_dashboard\system\CodeIgniter.php(942): App\Controllers\SigninController->login()
#8 D:\xampp\htdocs\wdpf55_codeigniter\sample_project_dashboard\system\CodeIgniter.php(502): CodeIgniter\CodeIgniter->runController(Object(App\Controllers\SigninController))
#9 D:\xampp\htdocs\wdpf55_codeigniter\sample_project_dashboard\system\CodeIgniter.php(361): CodeIgniter\CodeIgniter->handleRequest(NULL, Object(Config\Cache), false)
#10 D:\xampp\htdocs\wdpf55_codeigniter\sample_project_dashboard\public\index.php(79): CodeIgniter\CodeIgniter->run()
#11 D:\xampp\htdocs\wdpf55_codeigniter\sample_project_dashboard\system\Commands\Server\rewrite.php(47): require_once('D:\\xampp\\htdocs...')
#12 {main}

Next CodeIgniter\Database\Exceptions\DatabaseException: No connection could be made because the target machine actively refused it.
 in D:\xampp\htdocs\wdpf55_codeigniter\sample_project_dashboard\system\Database\MySQLi\Connection.php:229
Stack trace:
#0 D:\xampp\htdocs\wdpf55_codeigniter\sample_project_dashboard\system\Database\BaseConnection.php(392): CodeIgniter\Database\MySQLi\Connection->connect(false)
#1 D:\xampp\htdocs\wdpf55_codeigniter\sample_project_dashboard\system\Database\BaseConnection.php(575): CodeIgniter\Database\BaseConnection->initialize()
#2 D:\xampp\htdocs\wdpf55_codeigniter\sample_project_dashboard\system\Database\BaseBuilder.php(1615): CodeIgniter\Database\BaseConnection->query('SELECT *\nFROM `...', Array, false)
#3 D:\xampp\htdocs\wdpf55_codeigniter\sample_project_dashboard\system\Model.php(264): CodeIgniter\Database\BaseBuilder->get()
#4 D:\xampp\htdocs\wdpf55_codeigniter\sample_project_dashboard\system\BaseModel.php(662): CodeIgniter\Model->doFirst()
#5 D:\xampp\htdocs\wdpf55_codeigniter\sample_project_dashboard\app\Controllers\SigninController.php(29): CodeIgniter\BaseModel->first()
#6 D:\xampp\htdocs\wdpf55_codeigniter\sample_project_dashboard\system\CodeIgniter.php(942): App\Controllers\SigninController->login()
#7 D:\xampp\htdocs\wdpf55_codeigniter\sample_project_dashboard\system\CodeIgniter.php(502): CodeIgniter\CodeIgniter->runController(Object(App\Controllers\SigninController))
#8 D:\xampp\htdocs\wdpf55_codeigniter\sample_project_dashboard\system\CodeIgniter.php(361): CodeIgniter\CodeIgniter->handleRequest(NULL, Object(Config\Cache), false)
#9 D:\xampp\htdocs\wdpf55_codeigniter\sample_project_dashboard\public\index.php(79): CodeIgniter\CodeIgniter->run()
#10 D:\xampp\htdocs\wdpf55_codeigniter\sample_project_dashboard\system\Commands\Server\rewrite.php(47): require_once('D:\\xampp\\htdocs...')
#11 {main}
CRITICAL - 2023-12-07 09:17:25 --> Unable to connect to the database.
Main connection [MySQLi]: No connection could be made because the target machine actively refused it.

in SYSTEMPATH\Database\BaseConnection.php on line 428.
 1 SYSTEMPATH\Database\BaseConnection.php(575): CodeIgniter\Database\BaseConnection->initialize()
 2 SYSTEMPATH\Database\BaseBuilder.php(1615): CodeIgniter\Database\BaseConnection->query('SELECT *
FROM `users`
WHERE `email` = :email:
 LIMIT 1', [...], false)
 3 SYSTEMPATH\Model.php(264): CodeIgniter\Database\BaseBuilder->get()
 4 SYSTEMPATH\BaseModel.php(662): CodeIgniter\Model->doFirst()
 5 APPPATH\Controllers\SigninController.php(29): CodeIgniter\BaseModel->first()
 6 SYSTEMPATH\CodeIgniter.php(942): App\Controllers\SigninController->login()
 7 SYSTEMPATH\CodeIgniter.php(502): CodeIgniter\CodeIgniter->runController(Object(App\Controllers\SigninController))
 8 SYSTEMPATH\CodeIgniter.php(361): CodeIgniter\CodeIgniter->handleRequest(null, Object(Config\Cache), false)
 9 FCPATH\index.php(79): CodeIgniter\CodeIgniter->run()
10 SYSTEMPATH\Commands\Server\rewrite.php(47): require_once('D:\\xampp\\htdocs\\wdpf55_codeigniter\\sample_project_dashboard\\public\\index.php')
INFO - 2023-12-07 09:17:43 --> Session: Class initialized using 'CodeIgniter\Session\Handlers\FileHandler' driver.
INFO - 2023-12-07 09:17:54 --> Session: Class initialized using 'CodeIgniter\Session\Handlers\FileHandler' driver.
INFO - 2023-12-07 09:17:54 --> Session: Class initialized using 'CodeIgniter\Session\Handlers\FileHandler' driver.
INFO - 2023-12-07 09:17:54 --> Session: Class initialized using 'CodeIgniter\Session\Handlers\FileHandler' driver.
INFO - 2023-12-07 09:19:04 --> Session: Class initialized using 'CodeIgniter\Session\Handlers\FileHandler' driver.
INFO - 2023-12-07 09:19:07 --> Session: Class initialized using 'CodeIgniter\Session\Handlers\FileHandler' driver.
INFO - 2023-12-07 09:19:16 --> Session: Class initialized using 'CodeIgniter\Session\Handlers\FileHandler' driver.
INFO - 2023-12-07 09:39:13 --> Session: Class initialized using 'CodeIgniter\Session\Handlers\FileHandler' driver.
INFO - 2023-12-07 09:39:13 --> Session: Class initialized using 'CodeIgniter\Session\Handlers\FileHandler' driver.
INFO - 2023-12-07 09:39:40 --> Session: Class initialized using 'CodeIgniter\Session\Handlers\FileHandler' driver.
INFO - 2023-12-07 09:40:26 --> Session: Class initialized using 'CodeIgniter\Session\Handlers\FileHandler' driver.
INFO - 2023-12-07 09:40:36 --> Session: Class initialized using 'CodeIgniter\Session\Handlers\FileHandler' driver.
INFO - 2023-12-07 09:40:36 --> Session: Class initialized using 'CodeIgniter\Session\Handlers\FileHandler' driver.
