INFO - 2023-12-23 06:47:07 --> Session: Class initialized using 'CodeIgniter\Session\Handlers\FileHandler' driver.
INFO - 2023-12-23 06:49:09 --> Session: Class initialized using 'CodeIgniter\Session\Handlers\FileHandler' driver.
INFO - 2023-12-23 06:49:09 --> Session: Class initialized using 'CodeIgniter\Session\Handlers\FileHandler' driver.
INFO - 2023-12-23 06:49:15 --> Session: Class initialized using 'CodeIgniter\Session\Handlers\FileHandler' driver.
INFO - 2023-12-23 06:49:15 --> Session: Class initialized using 'CodeIgniter\Session\Handlers\FileHandler' driver.
INFO - 2023-12-23 06:49:19 --> Session: Class initialized using 'CodeIgniter\Session\Handlers\FileHandler' driver.
INFO - 2023-12-23 06:49:20 --> Session: Class initialized using 'CodeIgniter\Session\Handlers\FileHandler' driver.
INFO - 2023-12-23 06:58:32 --> Session: Class initialized using 'CodeIgniter\Session\Handlers\FileHandler' driver.
INFO - 2023-12-23 06:58:37 --> Session: Class initialized using 'CodeIgniter\Session\Handlers\FileHandler' driver.
INFO - 2023-12-23 06:58:38 --> Session: Class initialized using 'CodeIgniter\Session\Handlers\FileHandler' driver.
CRITICAL - 2023-12-23 06:58:38 --> Undefined index: product_id
in APPPATH\Views\products\index.php on line 92.
 1 APPPATH\Views\products\index.php(92): CodeIgniter\Debug\Exceptions->errorHandler(8, 'Undefined index: product_id', 'D:\\xampp\\htdocs\\wdpf55_codeigniter\\sample_project_dashboard\\app\\Views\\products\\index.php', 92, [...])
 2 SYSTEMPATH\View\View.php(228): include('D:\\xampp\\htdocs\\wdpf55_codeigniter\\sample_project_dashboard\\app\\Views\\products\\index.php')
 3 SYSTEMPATH\View\View.php(231): CodeIgniter\View\View->CodeIgniter\View\{closure}()
 4 SYSTEMPATH\Common.php(1190): CodeIgniter\View\View->render('products/index', [], true)
 5 APPPATH\Controllers\ProductController.php(32): view('products/index', [...])
 6 SYSTEMPATH\CodeIgniter.php(942): App\Controllers\ProductController->index()
 7 SYSTEMPATH\CodeIgniter.php(502): CodeIgniter\CodeIgniter->runController(Object(App\Controllers\ProductController))
 8 SYSTEMPATH\CodeIgniter.php(361): CodeIgniter\CodeIgniter->handleRequest(null, Object(Config\Cache), false)
 9 FCPATH\index.php(79): CodeIgniter\CodeIgniter->run()
10 SYSTEMPATH\Commands\Server\rewrite.php(47): require_once('D:\\xampp\\htdocs\\wdpf55_codeigniter\\sample_project_dashboard\\public\\index.php')
INFO - 2023-12-23 06:58:47 --> Session: Class initialized using 'CodeIgniter\Session\Handlers\FileHandler' driver.
CRITICAL - 2023-12-23 06:58:47 --> Undefined index: product_id
in APPPATH\Views\products\index.php on line 92.
 1 APPPATH\Views\products\index.php(92): CodeIgniter\Debug\Exceptions->errorHandler(8, 'Undefined index: product_id', 'D:\\xampp\\htdocs\\wdpf55_codeigniter\\sample_project_dashboard\\app\\Views\\products\\index.php', 92, [...])
 2 SYSTEMPATH\View\View.php(228): include('D:\\xampp\\htdocs\\wdpf55_codeigniter\\sample_project_dashboard\\app\\Views\\products\\index.php')
 3 SYSTEMPATH\View\View.php(231): CodeIgniter\View\View->CodeIgniter\View\{closure}()
 4 SYSTEMPATH\Common.php(1190): CodeIgniter\View\View->render('products/index', [], true)
 5 APPPATH\Controllers\ProductController.php(32): view('products/index', [...])
 6 SYSTEMPATH\CodeIgniter.php(942): App\Controllers\ProductController->index()
 7 SYSTEMPATH\CodeIgniter.php(502): CodeIgniter\CodeIgniter->runController(Object(App\Controllers\ProductController))
 8 SYSTEMPATH\CodeIgniter.php(361): CodeIgniter\CodeIgniter->handleRequest(null, Object(Config\Cache), false)
 9 FCPATH\index.php(79): CodeIgniter\CodeIgniter->run()
10 SYSTEMPATH\Commands\Server\rewrite.php(47): require_once('D:\\xampp\\htdocs\\wdpf55_codeigniter\\sample_project_dashboard\\public\\index.php')
INFO - 2023-12-23 06:58:49 --> Session: Class initialized using 'CodeIgniter\Session\Handlers\FileHandler' driver.
INFO - 2023-12-23 06:58:51 --> Session: Class initialized using 'CodeIgniter\Session\Handlers\FileHandler' driver.
CRITICAL - 2023-12-23 06:58:51 --> Undefined index: product_id
in APPPATH\Views\products\index.php on line 92.
 1 APPPATH\Views\products\index.php(92): CodeIgniter\Debug\Exceptions->errorHandler(8, 'Undefined index: product_id', 'D:\\xampp\\htdocs\\wdpf55_codeigniter\\sample_project_dashboard\\app\\Views\\products\\index.php', 92, [...])
 2 SYSTEMPATH\View\View.php(228): include('D:\\xampp\\htdocs\\wdpf55_codeigniter\\sample_project_dashboard\\app\\Views\\products\\index.php')
 3 SYSTEMPATH\View\View.php(231): CodeIgniter\View\View->CodeIgniter\View\{closure}()
 4 SYSTEMPATH\Common.php(1190): CodeIgniter\View\View->render('products/index', [], true)
 5 APPPATH\Controllers\ProductController.php(32): view('products/index', [...])
 6 SYSTEMPATH\CodeIgniter.php(942): App\Controllers\ProductController->index()
 7 SYSTEMPATH\CodeIgniter.php(502): CodeIgniter\CodeIgniter->runController(Object(App\Controllers\ProductController))
 8 SYSTEMPATH\CodeIgniter.php(361): CodeIgniter\CodeIgniter->handleRequest(null, Object(Config\Cache), false)
 9 FCPATH\index.php(79): CodeIgniter\CodeIgniter->run()
10 SYSTEMPATH\Commands\Server\rewrite.php(47): require_once('D:\\xampp\\htdocs\\wdpf55_codeigniter\\sample_project_dashboard\\public\\index.php')
INFO - 2023-12-23 07:01:27 --> Session: Class initialized using 'CodeIgniter\Session\Handlers\FileHandler' driver.
INFO - 2023-12-23 07:01:32 --> Session: Class initialized using 'CodeIgniter\Session\Handlers\FileHandler' driver.
INFO - 2023-12-23 07:01:57 --> Session: Class initialized using 'CodeIgniter\Session\Handlers\FileHandler' driver.
INFO - 2023-12-23 07:04:57 --> Session: Class initialized using 'CodeIgniter\Session\Handlers\FileHandler' driver.
INFO - 2023-12-23 07:05:00 --> Session: Class initialized using 'CodeIgniter\Session\Handlers\FileHandler' driver.
INFO - 2023-12-23 07:05:06 --> Session: Class initialized using 'CodeIgniter\Session\Handlers\FileHandler' driver.
INFO - 2023-12-23 07:05:14 --> Session: Class initialized using 'CodeIgniter\Session\Handlers\FileHandler' driver.
