INFO - 2023-12-10 03:20:22 --> Session: Class initialized using 'CodeIgniter\Session\Handlers\FileHandler' driver.
INFO - 2023-12-10 03:20:31 --> Session: Class initialized using 'CodeIgniter\Session\Handlers\FileHandler' driver.
INFO - 2023-12-10 03:20:34 --> Session: Class initialized using 'CodeIgniter\Session\Handlers\FileHandler' driver.
INFO - 2023-12-10 03:20:35 --> Session: Class initialized using 'CodeIgniter\Session\Handlers\FileHandler' driver.
INFO - 2023-12-10 03:21:33 --> Session: Class initialized using 'CodeIgniter\Session\Handlers\FileHandler' driver.
INFO - 2023-12-10 03:22:53 --> Session: Class initialized using 'CodeIgniter\Session\Handlers\FileHandler' driver.
INFO - 2023-12-10 03:23:12 --> Session: Class initialized using 'CodeIgniter\Session\Handlers\FileHandler' driver.
INFO - 2023-12-10 03:25:42 --> Session: Class initialized using 'CodeIgniter\Session\Handlers\FileHandler' driver.
INFO - 2023-12-10 03:48:02 --> Session: Class initialized using 'CodeIgniter\Session\Handlers\FileHandler' driver.
INFO - 2023-12-10 03:48:07 --> Session: Class initialized using 'CodeIgniter\Session\Handlers\FileHandler' driver.
INFO - 2023-12-10 03:53:27 --> Session: Class initialized using 'CodeIgniter\Session\Handlers\FileHandler' driver.
CRITICAL - 2023-12-10 03:53:27 --> Undefined index: product_id
in APPPATH\Views\products\index.php on line 92.
 1 APPPATH\Views\products\index.php(92): CodeIgniter\Debug\Exceptions->errorHandler(8, 'Undefined index: product_id', 'D:\\xampp\\htdocs\\wdpf55_codeigniter\\sample_project_dashboard\\app\\Views\\products\\index.php', 92, [...])
 2 SYSTEMPATH\View\View.php(228): include('D:\\xampp\\htdocs\\wdpf55_codeigniter\\sample_project_dashboard\\app\\Views\\products\\index.php')
 3 SYSTEMPATH\View\View.php(231): CodeIgniter\View\View->CodeIgniter\View\{closure}()
 4 SYSTEMPATH\Common.php(1190): CodeIgniter\View\View->render('products/index', [], true)
 5 APPPATH\Controllers\ProductController.php(28): view('products/index', [...])
 6 SYSTEMPATH\CodeIgniter.php(942): App\Controllers\ProductController->index()
 7 SYSTEMPATH\CodeIgniter.php(502): CodeIgniter\CodeIgniter->runController(Object(App\Controllers\ProductController))
 8 SYSTEMPATH\CodeIgniter.php(361): CodeIgniter\CodeIgniter->handleRequest(null, Object(Config\Cache), false)
 9 FCPATH\index.php(79): CodeIgniter\CodeIgniter->run()
10 SYSTEMPATH\Commands\Server\rewrite.php(47): require_once('D:\\xampp\\htdocs\\wdpf55_codeigniter\\sample_project_dashboard\\public\\index.php')
INFO - 2023-12-10 03:58:39 --> Session: Class initialized using 'CodeIgniter\Session\Handlers\FileHandler' driver.
CRITICAL - 2023-12-10 03:58:39 --> Undefined index: photo
in APPPATH\Views\products\index.php on line 98.
 1 APPPATH\Views\products\index.php(98): CodeIgniter\Debug\Exceptions->errorHandler(8, 'Undefined index: photo', 'D:\\xampp\\htdocs\\wdpf55_codeigniter\\sample_project_dashboard\\app\\Views\\products\\index.php', 98, [...])
 2 SYSTEMPATH\View\View.php(228): include('D:\\xampp\\htdocs\\wdpf55_codeigniter\\sample_project_dashboard\\app\\Views\\products\\index.php')
 3 SYSTEMPATH\View\View.php(231): CodeIgniter\View\View->CodeIgniter\View\{closure}()
 4 SYSTEMPATH\Common.php(1190): CodeIgniter\View\View->render('products/index', [], true)
 5 APPPATH\Controllers\ProductController.php(28): view('products/index', [...])
 6 SYSTEMPATH\CodeIgniter.php(942): App\Controllers\ProductController->index()
 7 SYSTEMPATH\CodeIgniter.php(502): CodeIgniter\CodeIgniter->runController(Object(App\Controllers\ProductController))
 8 SYSTEMPATH\CodeIgniter.php(361): CodeIgniter\CodeIgniter->handleRequest(null, Object(Config\Cache), false)
 9 FCPATH\index.php(79): CodeIgniter\CodeIgniter->run()
10 SYSTEMPATH\Commands\Server\rewrite.php(47): require_once('D:\\xampp\\htdocs\\wdpf55_codeigniter\\sample_project_dashboard\\public\\index.php')
INFO - 2023-12-10 03:59:08 --> Session: Class initialized using 'CodeIgniter\Session\Handlers\FileHandler' driver.
CRITICAL - 2023-12-10 03:59:08 --> Undefined index: photo
in APPPATH\Views\products\index.php on line 98.
 1 APPPATH\Views\products\index.php(98): CodeIgniter\Debug\Exceptions->errorHandler(8, 'Undefined index: photo', 'D:\\xampp\\htdocs\\wdpf55_codeigniter\\sample_project_dashboard\\app\\Views\\products\\index.php', 98, [...])
 2 SYSTEMPATH\View\View.php(228): include('D:\\xampp\\htdocs\\wdpf55_codeigniter\\sample_project_dashboard\\app\\Views\\products\\index.php')
 3 SYSTEMPATH\View\View.php(231): CodeIgniter\View\View->CodeIgniter\View\{closure}()
 4 SYSTEMPATH\Common.php(1190): CodeIgniter\View\View->render('products/index', [], true)
 5 APPPATH\Controllers\ProductController.php(28): view('products/index', [...])
 6 SYSTEMPATH\CodeIgniter.php(942): App\Controllers\ProductController->index()
 7 SYSTEMPATH\CodeIgniter.php(502): CodeIgniter\CodeIgniter->runController(Object(App\Controllers\ProductController))
 8 SYSTEMPATH\CodeIgniter.php(361): CodeIgniter\CodeIgniter->handleRequest(null, Object(Config\Cache), false)
 9 FCPATH\index.php(79): CodeIgniter\CodeIgniter->run()
10 SYSTEMPATH\Commands\Server\rewrite.php(47): require_once('D:\\xampp\\htdocs\\wdpf55_codeigniter\\sample_project_dashboard\\public\\index.php')
INFO - 2023-12-10 03:59:21 --> Session: Class initialized using 'CodeIgniter\Session\Handlers\FileHandler' driver.
CRITICAL - 2023-12-10 03:59:21 --> Undefined index: product_id
in APPPATH\Views\products\index.php on line 100.
 1 APPPATH\Views\products\index.php(100): CodeIgniter\Debug\Exceptions->errorHandler(8, 'Undefined index: product_id', 'D:\\xampp\\htdocs\\wdpf55_codeigniter\\sample_project_dashboard\\app\\Views\\products\\index.php', 100, [...])
 2 SYSTEMPATH\View\View.php(228): include('D:\\xampp\\htdocs\\wdpf55_codeigniter\\sample_project_dashboard\\app\\Views\\products\\index.php')
 3 SYSTEMPATH\View\View.php(231): CodeIgniter\View\View->CodeIgniter\View\{closure}()
 4 SYSTEMPATH\Common.php(1190): CodeIgniter\View\View->render('products/index', [], true)
 5 APPPATH\Controllers\ProductController.php(28): view('products/index', [...])
 6 SYSTEMPATH\CodeIgniter.php(942): App\Controllers\ProductController->index()
 7 SYSTEMPATH\CodeIgniter.php(502): CodeIgniter\CodeIgniter->runController(Object(App\Controllers\ProductController))
 8 SYSTEMPATH\CodeIgniter.php(361): CodeIgniter\CodeIgniter->handleRequest(null, Object(Config\Cache), false)
 9 FCPATH\index.php(79): CodeIgniter\CodeIgniter->run()
10 SYSTEMPATH\Commands\Server\rewrite.php(47): require_once('D:\\xampp\\htdocs\\wdpf55_codeigniter\\sample_project_dashboard\\public\\index.php')
INFO - 2023-12-10 04:00:35 --> Session: Class initialized using 'CodeIgniter\Session\Handlers\FileHandler' driver.
CRITICAL - 2023-12-10 04:00:35 --> Undefined index: photo
in APPPATH\Views\products\index.php on line 98.
 1 APPPATH\Views\products\index.php(98): CodeIgniter\Debug\Exceptions->errorHandler(8, 'Undefined index: photo', 'D:\\xampp\\htdocs\\wdpf55_codeigniter\\sample_project_dashboard\\app\\Views\\products\\index.php', 98, [...])
 2 SYSTEMPATH\View\View.php(228): include('D:\\xampp\\htdocs\\wdpf55_codeigniter\\sample_project_dashboard\\app\\Views\\products\\index.php')
 3 SYSTEMPATH\View\View.php(231): CodeIgniter\View\View->CodeIgniter\View\{closure}()
 4 SYSTEMPATH\Common.php(1190): CodeIgniter\View\View->render('products/index', [], true)
 5 APPPATH\Controllers\ProductController.php(28): view('products/index', [...])
 6 SYSTEMPATH\CodeIgniter.php(942): App\Controllers\ProductController->index()
 7 SYSTEMPATH\CodeIgniter.php(502): CodeIgniter\CodeIgniter->runController(Object(App\Controllers\ProductController))
 8 SYSTEMPATH\CodeIgniter.php(361): CodeIgniter\CodeIgniter->handleRequest(null, Object(Config\Cache), false)
 9 FCPATH\index.php(79): CodeIgniter\CodeIgniter->run()
10 SYSTEMPATH\Commands\Server\rewrite.php(47): require_once('D:\\xampp\\htdocs\\wdpf55_codeigniter\\sample_project_dashboard\\public\\index.php')
INFO - 2023-12-10 04:01:32 --> Session: Class initialized using 'CodeIgniter\Session\Handlers\FileHandler' driver.
CRITICAL - 2023-12-10 04:01:32 --> Undefined index: product_id
in APPPATH\Views\products\index.php on line 100.
 1 APPPATH\Views\products\index.php(100): CodeIgniter\Debug\Exceptions->errorHandler(8, 'Undefined index: product_id', 'D:\\xampp\\htdocs\\wdpf55_codeigniter\\sample_project_dashboard\\app\\Views\\products\\index.php', 100, [...])
 2 SYSTEMPATH\View\View.php(228): include('D:\\xampp\\htdocs\\wdpf55_codeigniter\\sample_project_dashboard\\app\\Views\\products\\index.php')
 3 SYSTEMPATH\View\View.php(231): CodeIgniter\View\View->CodeIgniter\View\{closure}()
 4 SYSTEMPATH\Common.php(1190): CodeIgniter\View\View->render('products/index', [], true)
 5 APPPATH\Controllers\ProductController.php(28): view('products/index', [...])
 6 SYSTEMPATH\CodeIgniter.php(942): App\Controllers\ProductController->index()
 7 SYSTEMPATH\CodeIgniter.php(502): CodeIgniter\CodeIgniter->runController(Object(App\Controllers\ProductController))
 8 SYSTEMPATH\CodeIgniter.php(361): CodeIgniter\CodeIgniter->handleRequest(null, Object(Config\Cache), false)
 9 FCPATH\index.php(79): CodeIgniter\CodeIgniter->run()
10 SYSTEMPATH\Commands\Server\rewrite.php(47): require_once('D:\\xampp\\htdocs\\wdpf55_codeigniter\\sample_project_dashboard\\public\\index.php')
INFO - 2023-12-10 04:01:36 --> Session: Class initialized using 'CodeIgniter\Session\Handlers\FileHandler' driver.
CRITICAL - 2023-12-10 04:01:36 --> Undefined index: product_id
in APPPATH\Views\products\index.php on line 100.
 1 APPPATH\Views\products\index.php(100): CodeIgniter\Debug\Exceptions->errorHandler(8, 'Undefined index: product_id', 'D:\\xampp\\htdocs\\wdpf55_codeigniter\\sample_project_dashboard\\app\\Views\\products\\index.php', 100, [...])
 2 SYSTEMPATH\View\View.php(228): include('D:\\xampp\\htdocs\\wdpf55_codeigniter\\sample_project_dashboard\\app\\Views\\products\\index.php')
 3 SYSTEMPATH\View\View.php(231): CodeIgniter\View\View->CodeIgniter\View\{closure}()
 4 SYSTEMPATH\Common.php(1190): CodeIgniter\View\View->render('products/index', [], true)
 5 APPPATH\Controllers\ProductController.php(28): view('products/index', [...])
 6 SYSTEMPATH\CodeIgniter.php(942): App\Controllers\ProductController->index()
 7 SYSTEMPATH\CodeIgniter.php(502): CodeIgniter\CodeIgniter->runController(Object(App\Controllers\ProductController))
 8 SYSTEMPATH\CodeIgniter.php(361): CodeIgniter\CodeIgniter->handleRequest(null, Object(Config\Cache), false)
 9 FCPATH\index.php(79): CodeIgniter\CodeIgniter->run()
10 SYSTEMPATH\Commands\Server\rewrite.php(47): require_once('D:\\xampp\\htdocs\\wdpf55_codeigniter\\sample_project_dashboard\\public\\index.php')
INFO - 2023-12-10 04:02:09 --> Session: Class initialized using 'CodeIgniter\Session\Handlers\FileHandler' driver.
INFO - 2023-12-10 04:12:25 --> Session: Class initialized using 'CodeIgniter\Session\Handlers\FileHandler' driver.
INFO - 2023-12-10 04:13:09 --> Session: Class initialized using 'CodeIgniter\Session\Handlers\FileHandler' driver.
INFO - 2023-12-10 04:13:44 --> Session: Class initialized using 'CodeIgniter\Session\Handlers\FileHandler' driver.
INFO - 2023-12-10 04:13:49 --> Session: Class initialized using 'CodeIgniter\Session\Handlers\FileHandler' driver.
INFO - 2023-12-10 04:18:22 --> Session: Class initialized using 'CodeIgniter\Session\Handlers\FileHandler' driver.
INFO - 2023-12-10 04:18:29 --> Session: Class initialized using 'CodeIgniter\Session\Handlers\FileHandler' driver.
INFO - 2023-12-10 04:45:46 --> Session: Class initialized using 'CodeIgniter\Session\Handlers\FileHandler' driver.
INFO - 2023-12-10 04:45:47 --> Session: Class initialized using 'CodeIgniter\Session\Handlers\FileHandler' driver.
